<?xml version="1.0" encoding="UTF-8"?>
<!-- Generated by org.testng.reporters.JUnitReportReporter -->
<testsuite hostname="LAPTOP-CHSSCJRG" failures="0" tests="3" name="TestCases.TestCase" time="8.672" errors="0" timestamp="2023-06-28T02:48:46 MYT" skipped="0">
  <testcase classname="TestCases.TestCase" name="TC001" time="2.824"/>
  <testcase classname="TestCases.TestCase" name="TC003" time="3.048"/>
  <testcase classname="TestCases.TestCase" name="TC002" time="2.800"/>
</testsuite> <!-- TestCases.TestCase -->
