<?xml version="1.0" encoding="UTF-8"?>
<!-- Generated by org.testng.reporters.JUnitReportReporter -->
<testsuite hostname="LAPTOP-CHSSCJRG" failures="0" tests="3" name="TestCases.TestCase" time="8.674" errors="0" timestamp="2023-06-28T03:59:37 MYT" skipped="0">
  <testcase classname="TestCases.TestCase" name="TC001" time="2.703"/>
  <testcase classname="TestCases.TestCase" name="TC002" time="3.069"/>
  <testcase classname="TestCases.TestCase" name="TC003" time="2.902"/>
</testsuite> <!-- TestCases.TestCase -->
